app/build/intermediates/manifest_merge_blame_file/debug/manifest-merger-blame-debug-report.txt
1<?xml version="1.0" encoding="utf-8"?>
2<manifest xmlns:android="http://schemas.android.com/apk/res/android"
3    package="com.tomsphone"
4    android:versionCode="1"
5    android:versionName="1.0.0" >
6
7    <uses-sdk
8        android:minSdkVersion="26"
9        android:targetSdkVersion="34" />
10
11    <!-- Phone permissions -->
12    <uses-permission android:name="android.permission.CALL_PHONE" />
12-->src/main/AndroidManifest.xml:6:5-69
12-->src/main/AndroidManifest.xml:6:22-66
13    <uses-permission android:name="android.permission.READ_PHONE_STATE" />
13-->src/main/AndroidManifest.xml:7:5-75
13-->src/main/AndroidManifest.xml:7:22-72
14
15    <!-- Camera for ID photo -->
16    <uses-permission android:name="android.permission.CAMERA" />
16-->src/main/AndroidManifest.xml:10:5-65
16-->src/main/AndroidManifest.xml:10:22-62
17
18    <uses-feature
18-->src/main/AndroidManifest.xml:11:5-85
19        android:name="android.hardware.camera"
19-->src/main/AndroidManifest.xml:11:19-57
20        android:required="false" />
20-->src/main/AndroidManifest.xml:11:58-82
21
22    <uses-permission android:name="android.permission.ANSWER_PHONE_CALLS" />
22-->src/main/AndroidManifest.xml:12:5-77
22-->src/main/AndroidManifest.xml:12:22-74
23    <uses-permission android:name="android.permission.MANAGE_OWN_CALLS" />
23-->src/main/AndroidManifest.xml:13:5-75
23-->src/main/AndroidManifest.xml:13:22-72
24    <uses-permission android:name="android.permission.READ_CALL_LOG" />
24-->src/main/AndroidManifest.xml:14:5-72
24-->src/main/AndroidManifest.xml:14:22-69
25    <uses-permission android:name="android.permission.WRITE_CALL_LOG" />
25-->src/main/AndroidManifest.xml:15:5-73
25-->src/main/AndroidManifest.xml:15:22-70
26    <uses-permission android:name="android.permission.READ_CONTACTS" />
26-->src/main/AndroidManifest.xml:16:5-72
26-->src/main/AndroidManifest.xml:16:22-69
27
28    <!-- Audio/Call control -->
29    <uses-permission android:name="android.permission.MODIFY_AUDIO_SETTINGS" />
29-->src/main/AndroidManifest.xml:19:5-80
29-->src/main/AndroidManifest.xml:19:22-77
30    <uses-permission android:name="android.permission.VIBRATE" />
30-->src/main/AndroidManifest.xml:20:5-66
30-->src/main/AndroidManifest.xml:20:22-63
31    <uses-permission android:name="android.permission.WAKE_LOCK" />
31-->src/main/AndroidManifest.xml:21:5-68
31-->src/main/AndroidManifest.xml:21:22-65
32    <uses-permission android:name="android.permission.DISABLE_KEYGUARD" />
32-->src/main/AndroidManifest.xml:22:5-75
32-->src/main/AndroidManifest.xml:22:22-72
33    <uses-permission android:name="android.permission.CONTROL_INCALL_EXPERIENCE" />
33-->src/main/AndroidManifest.xml:23:5-84
33-->src/main/AndroidManifest.xml:23:22-81
34
35    <!-- Boot receiver -->
36    <uses-permission android:name="android.permission.RECEIVE_BOOT_COMPLETED" />
36-->src/main/AndroidManifest.xml:26:5-81
36-->src/main/AndroidManifest.xml:26:22-78
37
38    <!-- Foreground service -->
39    <uses-permission android:name="android.permission.FOREGROUND_SERVICE" />
39-->src/main/AndroidManifest.xml:29:5-77
39-->src/main/AndroidManifest.xml:29:22-74
40    <uses-permission android:name="android.permission.FOREGROUND_SERVICE_PHONE_CALL" />
40-->src/main/AndroidManifest.xml:30:5-88
40-->src/main/AndroidManifest.xml:30:22-85
41    <uses-permission android:name="android.permission.FOREGROUND_SERVICE_MEDIA_PLAYBACK" />
41-->src/main/AndroidManifest.xml:31:5-92
41-->src/main/AndroidManifest.xml:31:22-89
42
43    <!-- Notifications -->
44    <uses-permission android:name="android.permission.POST_NOTIFICATIONS" />
44-->src/main/AndroidManifest.xml:34:5-77
44-->src/main/AndroidManifest.xml:34:22-74
45    <uses-permission android:name="android.permission.ACCESS_NOTIFICATION_POLICY" />
45-->src/main/AndroidManifest.xml:35:5-85
45-->src/main/AndroidManifest.xml:35:22-82
46
47    <!-- Device admin for kiosk mode -->
48    <uses-permission android:name="android.permission.BIND_DEVICE_ADMIN" />
48-->src/main/AndroidManifest.xml:38:5-76
48-->src/main/AndroidManifest.xml:38:22-73
49    <uses-permission android:name="android.permission.BIND_INCALL_SERVICE" />
49-->src/main/AndroidManifest.xml:39:5-78
49-->src/main/AndroidManifest.xml:39:22-75
50
51    <!-- Battery optimization -->
52    <uses-permission android:name="android.permission.REQUEST_IGNORE_BATTERY_OPTIMIZATIONS" />
52-->src/main/AndroidManifest.xml:42:5-95
52-->src/main/AndroidManifest.xml:42:22-92
53
54    <permission
54-->[androidx.core:core:1.12.0] AndroidManifest.xml:22:5-24:47
55        android:name="com.tomsphone.DYNAMIC_RECEIVER_NOT_EXPORTED_PERMISSION"
55-->[androidx.core:core:1.12.0] AndroidManifest.xml:23:9-81
56        android:protectionLevel="signature" />
56-->[androidx.core:core:1.12.0] AndroidManifest.xml:24:9-44
57
58    <uses-permission android:name="com.tomsphone.DYNAMIC_RECEIVER_NOT_EXPORTED_PERMISSION" />
58-->[androidx.core:core:1.12.0] AndroidManifest.xml:26:5-97
58-->[androidx.core:core:1.12.0] AndroidManifest.xml:26:22-94
59
60    <application
60-->src/main/AndroidManifest.xml:44:5-153:19
61        android:name="com.tomsphone.TomsPhoneApplication"
61-->src/main/AndroidManifest.xml:45:9-45
62        android:allowBackup="false"
62-->src/main/AndroidManifest.xml:46:9-36
63        android:appComponentFactory="androidx.core.app.CoreComponentFactory"
63-->[androidx.core:core:1.12.0] AndroidManifest.xml:28:18-86
64        android:dataExtractionRules="@xml/backup_rules"
64-->src/main/AndroidManifest.xml:48:9-56
65        android:debuggable="true"
66        android:extractNativeLibs="false"
67        android:fullBackupContent="@xml/full_backup_content"
67-->src/main/AndroidManifest.xml:47:9-61
68        android:label="@string/app_name"
68-->src/main/AndroidManifest.xml:49:9-41
69        android:supportsRtl="false"
69-->src/main/AndroidManifest.xml:51:9-36
70        android:theme="@style/Theme.TomsPhone" >
70-->src/main/AndroidManifest.xml:50:9-47
71
72        <!-- Main Activity - Home Screen -->
73        <activity
73-->src/main/AndroidManifest.xml:55:9-67:20
74            android:name="com.tomsphone.MainActivity"
74-->src/main/AndroidManifest.xml:56:13-41
75            android:configChanges="orientation|screenSize|keyboardHidden"
75-->src/main/AndroidManifest.xml:61:13-74
76            android:exported="true"
76-->src/main/AndroidManifest.xml:57:13-36
77            android:label="@string/app_name"
77-->src/main/AndroidManifest.xml:58:13-45
78            android:launchMode="singleTask"
78-->src/main/AndroidManifest.xml:62:13-44
79            android:screenOrientation="portrait"
79-->src/main/AndroidManifest.xml:60:13-49
80            android:theme="@style/Theme.TomsPhone" >
80-->src/main/AndroidManifest.xml:59:13-51
81            <intent-filter>
81-->src/main/AndroidManifest.xml:63:13-66:29
82                <action android:name="android.intent.action.MAIN" />
82-->src/main/AndroidManifest.xml:64:17-69
82-->src/main/AndroidManifest.xml:64:25-66
83
84                <category android:name="android.intent.category.LAUNCHER" />
84-->src/main/AndroidManifest.xml:65:17-77
84-->src/main/AndroidManifest.xml:65:27-74
85            </intent-filter>
86        </activity>
87
88        <!-- Dialer Activity - REQUIRED to be accepted as default phone app -->
89        <activity
89-->src/main/AndroidManifest.xml:70:9-93:20
90            android:name="com.tomsphone.DialerActivity"
90-->src/main/AndroidManifest.xml:71:13-43
91            android:exported="true"
91-->src/main/AndroidManifest.xml:72:13-36
92            android:theme="@android:style/Theme.NoDisplay" >
92-->src/main/AndroidManifest.xml:73:13-59
93
94            <!-- DIAL without data - critical for default dialer recognition -->
95            <intent-filter>
95-->src/main/AndroidManifest.xml:75:13-78:29
96                <action android:name="android.intent.action.DIAL" />
96-->src/main/AndroidManifest.xml:76:17-69
96-->src/main/AndroidManifest.xml:76:25-66
97
98                <category android:name="android.intent.category.DEFAULT" />
98-->src/main/AndroidManifest.xml:77:17-76
98-->src/main/AndroidManifest.xml:77:27-73
99            </intent-filter>
100            <!-- DIAL with tel: scheme -->
101            <intent-filter>
101-->src/main/AndroidManifest.xml:80:13-84:29
102                <action android:name="android.intent.action.DIAL" />
102-->src/main/AndroidManifest.xml:76:17-69
102-->src/main/AndroidManifest.xml:76:25-66
103
104                <category android:name="android.intent.category.DEFAULT" />
104-->src/main/AndroidManifest.xml:77:17-76
104-->src/main/AndroidManifest.xml:77:27-73
105
106                <data android:scheme="tel" />
106-->src/main/AndroidManifest.xml:83:17-46
106-->src/main/AndroidManifest.xml:83:23-43
107            </intent-filter>
108            <!-- VIEW with tel: scheme and BROWSABLE -->
109            <intent-filter>
109-->src/main/AndroidManifest.xml:86:13-92:29
110                <action android:name="android.intent.action.VIEW" />
110-->src/main/AndroidManifest.xml:87:17-69
110-->src/main/AndroidManifest.xml:87:25-66
111                <action android:name="android.intent.action.DIAL" />
111-->src/main/AndroidManifest.xml:76:17-69
111-->src/main/AndroidManifest.xml:76:25-66
112
113                <category android:name="android.intent.category.DEFAULT" />
113-->src/main/AndroidManifest.xml:77:17-76
113-->src/main/AndroidManifest.xml:77:27-73
114                <category android:name="android.intent.category.BROWSABLE" />
114-->src/main/AndroidManifest.xml:90:17-78
114-->src/main/AndroidManifest.xml:90:27-75
115
116                <data android:scheme="tel" />
116-->src/main/AndroidManifest.xml:83:17-46
116-->src/main/AndroidManifest.xml:83:23-43
117            </intent-filter>
118        </activity>
119
120        <!-- InCallService for handling active calls -->
121        <service
121-->src/main/AndroidManifest.xml:96:9-109:19
122            android:name="com.tomsphone.core.telecom.WandasInCallService"
122-->src/main/AndroidManifest.xml:97:13-74
123            android:exported="true"
123-->src/main/AndroidManifest.xml:99:13-36
124            android:permission="android.permission.BIND_INCALL_SERVICE" >
124-->src/main/AndroidManifest.xml:98:13-72
125            <intent-filter>
125-->src/main/AndroidManifest.xml:100:13-102:29
126                <action android:name="android.telecom.InCallService" />
126-->src/main/AndroidManifest.xml:101:17-72
126-->src/main/AndroidManifest.xml:101:25-69
127            </intent-filter>
128
129            <meta-data
129-->src/main/AndroidManifest.xml:103:13-105:40
130                android:name="android.telecom.IN_CALL_SERVICE_UI"
130-->src/main/AndroidManifest.xml:104:17-66
131                android:value="true" />
131-->src/main/AndroidManifest.xml:105:17-37
132            <meta-data
132-->src/main/AndroidManifest.xml:106:13-108:40
133                android:name="android.telecom.IN_CALL_SERVICE_RINGING"
133-->src/main/AndroidManifest.xml:107:17-71
134                android:value="true" />
134-->src/main/AndroidManifest.xml:108:17-37
135        </service>
136
137        <!-- CallScreeningService for auto-answer and filtering -->
138        <service
138-->src/main/AndroidManifest.xml:112:9-119:19
139            android:name="com.tomsphone.core.telecom.WandasCallScreeningService"
139-->src/main/AndroidManifest.xml:113:13-81
140            android:exported="true"
140-->src/main/AndroidManifest.xml:115:13-36
141            android:permission="android.permission.BIND_SCREENING_SERVICE" >
141-->src/main/AndroidManifest.xml:114:13-75
142            <intent-filter>
142-->src/main/AndroidManifest.xml:116:13-118:29
143                <action android:name="android.telecom.CallScreeningService" />
143-->src/main/AndroidManifest.xml:117:17-79
143-->src/main/AndroidManifest.xml:117:25-76
144            </intent-filter>
145        </service>
146
147        <!-- Missed call reminder service -->
148        <service
148-->src/main/AndroidManifest.xml:122:9-125:40
149            android:name="com.tomsphone.core.telecom.MissedCallNagService"
149-->src/main/AndroidManifest.xml:123:13-75
150            android:exported="false"
150-->src/main/AndroidManifest.xml:125:13-37
151            android:foregroundServiceType="phoneCall" />
151-->src/main/AndroidManifest.xml:124:13-54
152
153        <!-- Device admin for kiosk mode -->
154        <receiver
154-->src/main/AndroidManifest.xml:128:9-138:20
155            android:name="com.tomsphone.feature.kiosk.WandasDeviceAdminReceiver"
155-->src/main/AndroidManifest.xml:129:13-81
156            android:exported="true"
156-->src/main/AndroidManifest.xml:131:13-36
157            android:permission="android.permission.BIND_DEVICE_ADMIN" >
157-->src/main/AndroidManifest.xml:130:13-70
158            <meta-data
158-->src/main/AndroidManifest.xml:132:13-134:56
159                android:name="android.app.device_admin"
159-->src/main/AndroidManifest.xml:133:17-56
160                android:resource="@xml/device_admin" />
160-->src/main/AndroidManifest.xml:134:17-53
161
162            <intent-filter>
162-->src/main/AndroidManifest.xml:135:13-137:29
163                <action android:name="android.app.action.DEVICE_ADMIN_ENABLED" />
163-->src/main/AndroidManifest.xml:136:17-82
163-->src/main/AndroidManifest.xml:136:25-79
164            </intent-filter>
165        </receiver>
166
167        <!-- Boot receiver -->
168        <receiver
168-->src/main/AndroidManifest.xml:141:9-151:20
169            android:name="com.tomsphone.feature.kiosk.BootReceiver"
169-->src/main/AndroidManifest.xml:142:13-68
170            android:directBootAware="true"
170-->src/main/AndroidManifest.xml:145:13-43
171            android:enabled="true"
171-->src/main/AndroidManifest.xml:143:13-35
172            android:exported="true" >
172-->src/main/AndroidManifest.xml:144:13-36
173            <intent-filter android:priority="999" >
173-->src/main/AndroidManifest.xml:146:13-150:29
173-->src/main/AndroidManifest.xml:146:28-50
174                <action android:name="android.intent.action.BOOT_COMPLETED" />
174-->src/main/AndroidManifest.xml:147:17-79
174-->src/main/AndroidManifest.xml:147:25-76
175                <action android:name="android.intent.action.QUICKBOOT_POWERON" />
175-->src/main/AndroidManifest.xml:148:17-82
175-->src/main/AndroidManifest.xml:148:25-79
176
177                <category android:name="android.intent.category.DEFAULT" />
177-->src/main/AndroidManifest.xml:77:17-76
177-->src/main/AndroidManifest.xml:77:27-73
178            </intent-filter>
179        </receiver>
180
181        <service
181-->[androidx.camera:camera-camera2:1.3.1] AndroidManifest.xml:24:9-33:19
182            android:name="androidx.camera.core.impl.MetadataHolderService"
182-->[androidx.camera:camera-camera2:1.3.1] AndroidManifest.xml:25:13-75
183            android:enabled="false"
183-->[androidx.camera:camera-camera2:1.3.1] AndroidManifest.xml:26:13-36
184            android:exported="false" >
184-->[androidx.camera:camera-camera2:1.3.1] AndroidManifest.xml:27:13-37
185            <meta-data
185-->[androidx.camera:camera-camera2:1.3.1] AndroidManifest.xml:30:13-32:89
186                android:name="androidx.camera.core.impl.MetadataHolderService.DEFAULT_CONFIG_PROVIDER"
186-->[androidx.camera:camera-camera2:1.3.1] AndroidManifest.xml:31:17-103
187                android:value="androidx.camera.camera2.Camera2Config$DefaultProvider" />
187-->[androidx.camera:camera-camera2:1.3.1] AndroidManifest.xml:32:17-86
188        </service>
189
190        <provider
190-->[androidx.emoji2:emoji2:1.3.0] AndroidManifest.xml:24:9-32:20
191            android:name="androidx.startup.InitializationProvider"
191-->[androidx.emoji2:emoji2:1.3.0] AndroidManifest.xml:25:13-67
192            android:authorities="com.tomsphone.androidx-startup"
192-->[androidx.emoji2:emoji2:1.3.0] AndroidManifest.xml:26:13-68
193            android:exported="false" >
193-->[androidx.emoji2:emoji2:1.3.0] AndroidManifest.xml:27:13-37
194            <meta-data
194-->[androidx.emoji2:emoji2:1.3.0] AndroidManifest.xml:29:13-31:52
195                android:name="androidx.emoji2.text.EmojiCompatInitializer"
195-->[androidx.emoji2:emoji2:1.3.0] AndroidManifest.xml:30:17-75
196                android:value="androidx.startup" />
196-->[androidx.emoji2:emoji2:1.3.0] AndroidManifest.xml:31:17-49
197            <meta-data
197-->[androidx.lifecycle:lifecycle-process:2.7.0] AndroidManifest.xml:29:13-31:52
198                android:name="androidx.lifecycle.ProcessLifecycleInitializer"
198-->[androidx.lifecycle:lifecycle-process:2.7.0] AndroidManifest.xml:30:17-78
199                android:value="androidx.startup" />
199-->[androidx.lifecycle:lifecycle-process:2.7.0] AndroidManifest.xml:31:17-49
200            <meta-data
200-->[androidx.profileinstaller:profileinstaller:1.3.1] AndroidManifest.xml:29:13-31:52
201                android:name="androidx.profileinstaller.ProfileInstallerInitializer"
201-->[androidx.profileinstaller:profileinstaller:1.3.1] AndroidManifest.xml:30:17-85
202                android:value="androidx.startup" />
202-->[androidx.profileinstaller:profileinstaller:1.3.1] AndroidManifest.xml:31:17-49
203        </provider>
204
205        <activity
205-->[androidx.compose.ui:ui-test-manifest:1.6.1] AndroidManifest.xml:23:9-25:39
206            android:name="androidx.activity.ComponentActivity"
206-->[androidx.compose.ui:ui-test-manifest:1.6.1] AndroidManifest.xml:24:13-63
207            android:exported="true" />
207-->[androidx.compose.ui:ui-test-manifest:1.6.1] AndroidManifest.xml:25:13-36
208        <activity
208-->[androidx.compose.ui:ui-tooling-android:1.6.1] AndroidManifest.xml:23:9-25:39
209            android:name="androidx.compose.ui.tooling.PreviewActivity"
209-->[androidx.compose.ui:ui-tooling-android:1.6.1] AndroidManifest.xml:24:13-71
210            android:exported="true" />
210-->[androidx.compose.ui:ui-tooling-android:1.6.1] AndroidManifest.xml:25:13-36
211
212        <service
212-->[androidx.room:room-runtime:2.6.1] AndroidManifest.xml:24:9-28:63
213            android:name="androidx.room.MultiInstanceInvalidationService"
213-->[androidx.room:room-runtime:2.6.1] AndroidManifest.xml:25:13-74
214            android:directBootAware="true"
214-->[androidx.room:room-runtime:2.6.1] AndroidManifest.xml:26:13-43
215            android:exported="false" />
215-->[androidx.room:room-runtime:2.6.1] AndroidManifest.xml:27:13-37
216
217        <receiver
217-->[androidx.profileinstaller:profileinstaller:1.3.1] AndroidManifest.xml:34:9-52:20
218            android:name="androidx.profileinstaller.ProfileInstallReceiver"
218-->[androidx.profileinstaller:profileinstaller:1.3.1] AndroidManifest.xml:35:13-76
219            android:directBootAware="false"
219-->[androidx.profileinstaller:profileinstaller:1.3.1] AndroidManifest.xml:36:13-44
220            android:enabled="true"
220-->[androidx.profileinstaller:profileinstaller:1.3.1] AndroidManifest.xml:37:13-35
221            android:exported="true"
221-->[androidx.profileinstaller:profileinstaller:1.3.1] AndroidManifest.xml:38:13-36
222            android:permission="android.permission.DUMP" >
222-->[androidx.profileinstaller:profileinstaller:1.3.1] AndroidManifest.xml:39:13-57
223            <intent-filter>
223-->[androidx.profileinstaller:profileinstaller:1.3.1] AndroidManifest.xml:40:13-42:29
224                <action android:name="androidx.profileinstaller.action.INSTALL_PROFILE" />
224-->[androidx.profileinstaller:profileinstaller:1.3.1] AndroidManifest.xml:41:17-91
224-->[androidx.profileinstaller:profileinstaller:1.3.1] AndroidManifest.xml:41:25-88
225            </intent-filter>
226            <intent-filter>
226-->[androidx.profileinstaller:profileinstaller:1.3.1] AndroidManifest.xml:43:13-45:29
227                <action android:name="androidx.profileinstaller.action.SKIP_FILE" />
227-->[androidx.profileinstaller:profileinstaller:1.3.1] AndroidManifest.xml:44:17-85
227-->[androidx.profileinstaller:profileinstaller:1.3.1] AndroidManifest.xml:44:25-82
228            </intent-filter>
229            <intent-filter>
229-->[androidx.profileinstaller:profileinstaller:1.3.1] AndroidManifest.xml:46:13-48:29
230                <action android:name="androidx.profileinstaller.action.SAVE_PROFILE" />
230-->[androidx.profileinstaller:profileinstaller:1.3.1] AndroidManifest.xml:47:17-88
230-->[androidx.profileinstaller:profileinstaller:1.3.1] AndroidManifest.xml:47:25-85
231            </intent-filter>
232            <intent-filter>
232-->[androidx.profileinstaller:profileinstaller:1.3.1] AndroidManifest.xml:49:13-51:29
233                <action android:name="androidx.profileinstaller.action.BENCHMARK_OPERATION" />
233-->[androidx.profileinstaller:profileinstaller:1.3.1] AndroidManifest.xml:50:17-95
233-->[androidx.profileinstaller:profileinstaller:1.3.1] AndroidManifest.xml:50:25-92
234            </intent-filter>
235        </receiver>
236    </application>
237
238</manifest>